Arguments: 
  /usr/bin/node /usr/share/yarn/bin/yarn.js install

PATH: 
  /usr/local/go/bin:/usr/local/bin/consul:/home/sugarme/go-projects/bin:/usr/local/bin:/usr/bin:/bin:/usr/local/games:/usr/games

Yarn version: 
  1.6.0

Node version: 
  8.9.4

Platform: 
  linux x64

Trace: 
  Error: https://registry.yarnpkg.com/@angular%2fanimations: ETIMEDOUT
      at Timeout._onTimeout (/usr/share/yarn/lib/cli.js:133819:19)
      at ontimeout (timers.js:475:11)
      at tryOnTimeout (timers.js:310:5)
      at Timer.listOnTimeout (timers.js:270:5)

npm manifest: 
  {
    "name": "themeathon.com",
    "version": "0.0.0",
    "license": "MIT",
    "scripts": {
      "ng": "ng",
      "start": "ng serve",
      "build": "ng build --prod",
      "test": "ng test",
      "lint": "ng lint",
      "e2e": "ng e2e"
    },
    "private": true,
    "dependencies": {
      "@angular/animations": "6.0.0",
      "@angular/cdk": "^6.0.2",
      "@angular/common": "6.0.0",
      "@angular/compiler": "6.0.0",
      "@angular/core": "6.0.0",
      "@angular/forms": "6.0.0",
      "@angular/http": "6.0.0",
      "@angular/material": "^6.0.2",
      "@angular/platform-browser": "6.0.0",
      "@angular/platform-browser-dynamic": "6.0.0",
      "@angular/router": "6.0.0",
      "core-js": "^2.5.6",
      "hammerjs": "^2.0.8",
      "npm": "^6.0.1",
      "rxjs": "^6.1.0",
      "zone.js": "^0.8.26"
    },
    "devDependencies": {
      "@angular-devkit/build-angular": "^0.6.3",
      "@angular/cli": "^6.0.3",
      "@angular/compiler-cli": "6.0.0",
      "@angular/language-service": "6.0.0",
      "@types/jasmine": "^2.8.7",
      "@types/jasminewd2": "~2.0.2",
      "@types/node": "^6.0.110",
      "codelyzer": "^4.3.0",
      "jasmine-core": "~2.8.0",
      "jasmine-spec-reporter": "~4.2.1",
      "karma": "^2.0.2",
      "karma-chrome-launcher": "~2.2.0",
      "karma-coverage-istanbul-reporter": "^1.2.1",
      "karma-jasmine": "^1.1.2",
      "karma-jasmine-html-reporter": "^0.2.2",
      "protractor": "~5.1.2",
      "ts-node": "~4.1.0",
      "tslint": "~5.9.1",
      "typescript": "2.7.2"
    }
  }

yarn manifest: 
  No manifest

Lockfile: 
  No lockfile
